Arguments: 
  /home/josue/.nvm/versions/node/v16.15.1/bin/node /home/josue/.nvm/versions/node/v16.15.1/bin/yarn add express @types/express type-node typescript

PATH: 
  /home/josue/.vscode-server/bin/5235c6bb189b60b01b1f49062f4ffa42384f8c91/bin/remote-cli:/home/josue/.local/bin:/home/josue/.nvm/versions/node/v16.15.1/bin:/usr/local/sbin:/usr/local/bin:/usr/sbin:/usr/bin:/sbin:/bin:/usr/games:/usr/local/games:/usr/lib/wsl/lib:/mnt/c/Windows/system32:/mnt/c/Windows:/mnt/c/Windows/System32/Wbem:/mnt/c/Windows/System32/WindowsPowerShell/v1.0/:/mnt/c/Windows/System32/OpenSSH/:/mnt/c/Program Files/Docker/Docker/resources/bin:/mnt/c/ProgramData/DockerDesktop/version-bin:/mnt/c/Program Files/Amazon/AWSCLI/bin/:/mnt/c/Program Files/Git/cmd:/mnt/c/Users/josue/AppData/Roaming/nvm:/mnt/c/Program Files/nodejs:/mnt/c/Users/josue/AppData/Local/Microsoft/WindowsApps:/mnt/c/Users/josue/AppData/Local/Programs/Microsoft VS Code/bin:/mnt/c/Users/josue/AppData/Local/GitHubDesktop/bin:/mnt/c/Users/josue/AppData/Roaming/npm:/mnt/c/Users/josue/AppData/Roaming/nvm:/mnt/c/Program Files/nodejs:/snap/bin

Yarn version: 
  1.22.19

Node version: 
  16.15.1

Platform: 
  linux x64

Trace: 
  Error: https://registry.yarnpkg.com/type-node: Not found
      at Request.params.callback [as _callback] (/home/josue/.nvm/versions/node/v16.15.1/lib/node_modules/yarn/lib/cli.js:66145:18)
      at Request.self.callback (/home/josue/.nvm/versions/node/v16.15.1/lib/node_modules/yarn/lib/cli.js:140890:22)
      at Request.emit (node:events:527:28)
      at Request.<anonymous> (/home/josue/.nvm/versions/node/v16.15.1/lib/node_modules/yarn/lib/cli.js:141862:10)
      at Request.emit (node:events:527:28)
      at IncomingMessage.<anonymous> (/home/josue/.nvm/versions/node/v16.15.1/lib/node_modules/yarn/lib/cli.js:141784:12)
      at Object.onceWrapper (node:events:641:28)
      at IncomingMessage.emit (node:events:539:35)
      at endReadableNT (node:internal/streams/readable:1345:12)
      at processTicksAndRejections (node:internal/process/task_queues:83:21)

npm manifest: 
  No manifest

yarn manifest: 
  No manifest

Lockfile: 
  No lockfile
